<?xml version="1.0" encoding="UTF-8"?>
<!-- Generated by org.testng.reporters.JUnitXMLReporter -->
<testsuite ignored="5" hostname="LAPTOP-J7JGB4PG" failures="0" tests="1" name="Test" time="9.465" errors="0" timestamp="2023-03-23T14:18:56 IST">
  <testcase classname="vtiger.OrganisationTests.createOrganisationTest" name="demoscript" time="0.007"/>
  <testcase classname="vtiger.GenericUtilitiws.BaseClass" name="@BeforeSuite bsConfig" time="0.0">
    <ignored/>
  </testcase> <!-- @BeforeSuite bsConfig -->
  <testcase classname="vtiger.GenericUtilitiws.BaseClass" name="@AfterSuite asConfig" time="0.0">
    <ignored/>
  </testcase> <!-- @AfterSuite asConfig -->
  <testcase classname="vtiger.OrganisationTests.createOrganisationTest" name="createOrgTest" time="0.0">
    <ignored/>
  </testcase> <!-- createOrgTest -->
  <testcase classname="vtiger.contactsTest.createContactWithOrganizationTest" name="createContactWithOrgTest" time="0.0">
    <ignored/>
  </testcase> <!-- createContactWithOrgTest -->
  <testcase classname="vtiger.OrganisationTests.createOrganisationTest" name="regional" time="0.0">
    <ignored/>
  </testcase> <!-- regional -->
</testsuite> <!-- Test -->
