<?xml version="1.0" encoding="UTF-8"?>
<testng-results ignored="0" total="3" passed="2" failed="1" skipped="0">
  <reporter-output>
    <line>
      <![CDATA[click on create orgimg is succesful]]>
    </line>
    <line>
      <![CDATA[new org create is succesful]]>
    </line>
    <line>
      <![CDATA[succesful]]>
    </line>
  </reporter-output>
  <suite started-at="2023-03-25T19:27:30 IST" name="Default suite" finished-at="2023-03-25T19:28:20 IST" duration-ms="49808">
    <groups>
      <group name="RegressionSuite">
        <method signature="createContactWithOrganizationTest.demoscript()[pri:0, instance:vtiger.contactsTest.createContactWithOrganizationTest@4c1909a3]" name="demoscript" class="vtiger.contactsTest.createContactWithOrganizationTest"/>
      </group> <!-- RegressionSuite -->
      <group name="SmokeSuite">
        <method signature="createContactWithOrganizationTest.createContactWithOrgTest()[pri:0, instance:vtiger.contactsTest.createContactWithOrganizationTest@4c1909a3]" name="createContactWithOrgTest" class="vtiger.contactsTest.createContactWithOrganizationTest"/>
      </group> <!-- SmokeSuite -->
    </groups>
    <test started-at="2023-03-25T19:27:30 IST" name="Default test" finished-at="2023-03-25T19:28:20 IST" duration-ms="49808">
      <class name="vtiger.contactsTest.createContactWithOrganizationTest">
        <test-method is-config="true" signature="bsConfig()[pri:0, instance:vtiger.contactsTest.createContactWithOrganizationTest@4c1909a3]" started-at="2023-03-25T19:27:30 IST" name="bsConfig" finished-at="2023-03-25T19:27:30 IST" duration-ms="7" status="PASS">
          <reporter-output>
          </reporter-output>
        </test-method> <!-- bsConfig -->
        <test-method is-config="true" signature="bcConfig()[pri:0, instance:vtiger.contactsTest.createContactWithOrganizationTest@4c1909a3]" started-at="2023-03-25T19:27:30 IST" name="bcConfig" finished-at="2023-03-25T19:27:37 IST" duration-ms="6744" status="PASS">
          <reporter-output>
          </reporter-output>
        </test-method> <!-- bcConfig -->
        <test-method is-config="true" signature="bmConfig()[pri:0, instance:vtiger.contactsTest.createContactWithOrganizationTest@4c1909a3]" started-at="2023-03-25T19:27:37 IST" name="bmConfig" finished-at="2023-03-25T19:27:42 IST" duration-ms="5232" status="PASS">
          <reporter-output>
          </reporter-output>
        </test-method> <!-- bmConfig -->
        <test-method signature="createContactWithOrgTest()[pri:0, instance:vtiger.contactsTest.createContactWithOrganizationTest@4c1909a3]" started-at="2023-03-25T19:27:42 IST" name="createContactWithOrgTest" finished-at="2023-03-25T19:28:08 IST" duration-ms="25613" status="PASS">
          <reporter-output>
            <line>
              <![CDATA[click on create orgimg is succesful]]>
            </line>
            <line>
              <![CDATA[new org create is succesful]]>
            </line>
            <line>
              <![CDATA[succesful]]>
            </line>
          </reporter-output>
        </test-method> <!-- createContactWithOrgTest -->
        <test-method is-config="true" signature="amConfig()[pri:0, instance:vtiger.contactsTest.createContactWithOrganizationTest@4c1909a3]" started-at="2023-03-25T19:28:08 IST" name="amConfig" finished-at="2023-03-25T19:28:10 IST" duration-ms="2072" status="PASS">
          <reporter-output>
          </reporter-output>
        </test-method> <!-- amConfig -->
        <test-method is-config="true" signature="bmConfig()[pri:0, instance:vtiger.contactsTest.createContactWithOrganizationTest@4c1909a3]" started-at="2023-03-25T19:28:10 IST" name="bmConfig" finished-at="2023-03-25T19:28:12 IST" duration-ms="1828" status="PASS">
          <reporter-output>
          </reporter-output>
        </test-method> <!-- bmConfig -->
        <test-method signature="demoscript()[pri:0, instance:vtiger.contactsTest.createContactWithOrganizationTest@4c1909a3]" started-at="2023-03-25T19:28:12 IST" name="demoscript" finished-at="2023-03-25T19:28:12 IST" duration-ms="0" status="FAIL">
          <exception class="java.lang.AssertionError">
            <message>
              <![CDATA[null]]>
            </message>
            <full-stacktrace>
              <![CDATA[java.lang.AssertionError: null
at org.testng.Assert.fail(Assert.java:99)
at org.testng.Assert.fail(Assert.java:106)
at vtiger.contactsTest.createContactWithOrganizationTest.demoscript(createContactWithOrganizationTest.java:88)
at java.base/jdk.internal.reflect.NativeMethodAccessorImpl.invoke0(Native Method)
at java.base/jdk.internal.reflect.NativeMethodAccessorImpl.invoke(NativeMethodAccessorImpl.java:77)
at java.base/jdk.internal.reflect.DelegatingMethodAccessorImpl.invoke(DelegatingMethodAccessorImpl.java:43)
at java.base/java.lang.reflect.Method.invoke(Method.java:568)
at org.testng.internal.MethodInvocationHelper.invokeMethod(MethodInvocationHelper.java:133)
at org.testng.internal.TestInvoker.invokeMethod(TestInvoker.java:598)
at org.testng.internal.TestInvoker.invokeTestMethod(TestInvoker.java:173)
at org.testng.internal.MethodRunner.runInSequence(MethodRunner.java:46)
at org.testng.internal.TestInvoker$MethodInvocationAgent.invoke(TestInvoker.java:824)
at org.testng.internal.TestInvoker.invokeTestMethods(TestInvoker.java:146)
at org.testng.internal.TestMethodWorker.invokeTestMethods(TestMethodWorker.java:146)
at org.testng.internal.TestMethodWorker.run(TestMethodWorker.java:128)
at java.base/java.util.ArrayList.forEach(ArrayList.java:1511)
at org.testng.TestRunner.privateRun(TestRunner.java:794)
at org.testng.TestRunner.run(TestRunner.java:596)
at org.testng.SuiteRunner.runTest(SuiteRunner.java:377)
at org.testng.SuiteRunner.runSequentially(SuiteRunner.java:371)
at org.testng.SuiteRunner.privateRun(SuiteRunner.java:332)
at org.testng.SuiteRunner.run(SuiteRunner.java:276)
at org.testng.SuiteRunnerWorker.runSuite(SuiteRunnerWorker.java:53)
at org.testng.SuiteRunnerWorker.run(SuiteRunnerWorker.java:96)
at org.testng.TestNG.runSuitesSequentially(TestNG.java:1212)
at org.testng.TestNG.runSuitesLocally(TestNG.java:1134)
at org.testng.TestNG.runSuites(TestNG.java:1063)
at org.testng.TestNG.run(TestNG.java:1031)
at org.testng.remote.AbstractRemoteTestNG.run(AbstractRemoteTestNG.java:115)
at org.testng.remote.RemoteTestNG.initAndRun(RemoteTestNG.java:251)
at org.testng.remote.RemoteTestNG.main(RemoteTestNG.java:77)
]]>
            </full-stacktrace>
          </exception> <!-- java.lang.AssertionError -->
          <reporter-output>
          </reporter-output>
        </test-method> <!-- demoscript -->
        <test-method is-config="true" signature="amConfig()[pri:0, instance:vtiger.contactsTest.createContactWithOrganizationTest@4c1909a3]" started-at="2023-03-25T19:28:12 IST" name="amConfig" finished-at="2023-03-25T19:28:15 IST" duration-ms="2866" status="PASS">
          <reporter-output>
          </reporter-output>
        </test-method> <!-- amConfig -->
        <test-method is-config="true" signature="bmConfig()[pri:0, instance:vtiger.contactsTest.createContactWithOrganizationTest@4c1909a3]" started-at="2023-03-25T19:28:15 IST" name="bmConfig" finished-at="2023-03-25T19:28:17 IST" duration-ms="1873" status="PASS">
          <reporter-output>
          </reporter-output>
        </test-method> <!-- bmConfig -->
        <test-method is-config="true" signature="amConfig()[pri:0, instance:vtiger.contactsTest.createContactWithOrganizationTest@4c1909a3]" started-at="2023-03-25T19:28:17 IST" name="amConfig" finished-at="2023-03-25T19:28:20 IST" duration-ms="3130" status="PASS">
          <reporter-output>
          </reporter-output>
        </test-method> <!-- amConfig -->
        <test-method signature="regional()[pri:0, instance:vtiger.contactsTest.createContactWithOrganizationTest@4c1909a3]" started-at="2023-03-25T19:28:17 IST" name="regional" finished-at="2023-03-25T19:28:17 IST" duration-ms="0" status="PASS">
          <reporter-output>
          </reporter-output>
        </test-method> <!-- regional -->
        <test-method is-config="true" signature="acConfig()[pri:0, instance:vtiger.contactsTest.createContactWithOrganizationTest@4c1909a3]" started-at="2023-03-25T19:28:20 IST" name="acConfig" finished-at="2023-03-25T19:28:20 IST" duration-ms="216" status="PASS">
          <reporter-output>
          </reporter-output>
        </test-method> <!-- acConfig -->
        <test-method is-config="true" signature="asConfig()[pri:0, instance:vtiger.contactsTest.createContactWithOrganizationTest@4c1909a3]" started-at="2023-03-25T19:28:20 IST" name="asConfig" finished-at="2023-03-25T19:28:20 IST" duration-ms="0" status="PASS">
          <reporter-output>
          </reporter-output>
        </test-method> <!-- asConfig -->
      </class> <!-- vtiger.contactsTest.createContactWithOrganizationTest -->
    </test> <!-- Default test -->
  </suite> <!-- Default suite -->
</testng-results>
